\BOOKMARK [0][-]{section*.4}{摘 要}{}% 1
\BOOKMARK [0][-]{section*.5}{ABSTRACT}{}% 2
\BOOKMARK [0][-]{chapter.1}{绪论}{}% 3
\BOOKMARK [1][-]{section.1.1}{研究背景}{chapter.1}% 4
\BOOKMARK [2][-]{subsection.1.1.1}{社交媒体}{section.1.1}% 5
\BOOKMARK [2][-]{subsection.1.1.2}{Twitter}{section.1.1}% 6
\BOOKMARK [1][-]{section.1.2}{研究问题}{chapter.1}% 7
\BOOKMARK [1][-]{section.1.3}{相关研究}{chapter.1}% 8
\BOOKMARK [2][-]{subsection.1.3.1}{Twitter与自然语言处理}{section.1.3}% 9
\BOOKMARK [2][-]{subsection.1.3.2}{信息检索与机器学习}{section.1.3}% 10
\BOOKMARK [2][-]{subsection.1.3.3}{Twitter中的传播分析}{section.1.3}% 11
\BOOKMARK [1][-]{section.1.4}{研究内容与方法}{chapter.1}% 12
\BOOKMARK [2][-]{subsection.1.4.1}{本文研究内容}{section.1.4}% 13
\BOOKMARK [2][-]{subsection.1.4.2}{本文研究方法}{section.1.4}% 14
\BOOKMARK [1][-]{section.1.5}{本文主要贡献}{chapter.1}% 15
\BOOKMARK [1][-]{section.1.6}{本文结构}{chapter.1}% 16
\BOOKMARK [0][-]{chapter.2}{利用结构化信息的Twitter检索}{}% 17
\BOOKMARK [1][-]{section.2.1}{引言}{chapter.2}% 18
\BOOKMARK [1][-]{section.2.2}{相关工作}{chapter.2}% 19
\BOOKMARK [2][-]{subsection.2.2.1}{基于结构化的信息检索}{section.2.2}% 20
\BOOKMARK [2][-]{subsection.2.2.2}{Twitter信息检索}{section.2.2}% 21
\BOOKMARK [1][-]{section.2.3}{Twitter积木（TBB）}{chapter.2}% 22
\BOOKMARK [2][-]{subsection.2.3.1}{Twitter积木的定义}{section.2.3}% 23
\BOOKMARK [2][-]{subsection.2.3.2}{Twitter积木自动标注}{section.2.3}% 24
\BOOKMARK [2][-]{subsection.2.3.3}{Twitter积木分析}{section.2.3}% 25
\BOOKMARK [1][-]{section.2.4}{基于Twitter积木的tweet排序学习}{chapter.2}% 26
\BOOKMARK [2][-]{subsection.2.4.1}{Twitter检索排序学习框架}{section.2.4}% 27
\BOOKMARK [2][-]{subsection.2.4.2}{Twitter积木特征}{section.2.4}% 28
\BOOKMARK [1][-]{section.2.5}{Twitter信息检索实验}{chapter.2}% 29
\BOOKMARK [2][-]{subsection.2.5.1}{Twitter信息检索实验数据}{section.2.5}% 30
\BOOKMARK [2][-]{subsection.2.5.2}{信息检索评价指标}{section.2.5}% 31
\BOOKMARK [2][-]{subsection.2.5.3}{Twitter信息检索实验设置和基准系统（Baseline）}{section.2.5}% 32
\BOOKMARK [2][-]{subsection.2.5.4}{Twitter信息检索实验结果及分析}{section.2.5}% 33
\BOOKMARK [1][-]{section.2.6}{小结}{chapter.2}% 34
\BOOKMARK [0][-]{chapter.3}{Twitter观点检索}{}% 35
\BOOKMARK [1][-]{section.3.1}{引言}{chapter.3}% 36
\BOOKMARK [1][-]{section.3.2}{相关工作}{chapter.3}% 37
\BOOKMARK [2][-]{subsection.3.2.1}{Twitter观点挖掘}{section.3.2}% 38
\BOOKMARK [2][-]{subsection.3.2.2}{TREC观点检索}{section.3.2}% 39
\BOOKMARK [1][-]{section.3.3}{基于排序学习的Twitter观点检索框架}{chapter.3}% 40
\BOOKMARK [2][-]{subsection.3.3.1}{Twitter观点检索排序学习框架}{section.3.3}% 41
\BOOKMARK [2][-]{subsection.3.3.2}{Twitter观点检索相关特征}{section.3.3}% 42
\BOOKMARK [1][-]{section.3.4}{社交媒体特征}{chapter.3}% 43
\BOOKMARK [2][-]{subsection.3.4.1}{Twitter特定特征}{section.3.4}% 44
\BOOKMARK [2][-]{subsection.3.4.2}{用户特征}{section.3.4}% 45
\BOOKMARK [1][-]{section.3.5}{观点化特征}{chapter.3}% 46
\BOOKMARK [1][-]{section.3.6}{Twitter观点检索实验}{chapter.3}% 47
\BOOKMARK [2][-]{subsection.3.6.1}{Twitter观点检索实验数据}{section.3.6}% 48
\BOOKMARK [2][-]{subsection.3.6.2}{Twitter观点检索实验设置}{section.3.6}% 49
\BOOKMARK [2][-]{subsection.3.6.3}{基准系统（Baseline）}{section.3.6}% 50
\BOOKMARK [2][-]{subsection.3.6.4}{Twitter观点检索实验结果及分析}{section.3.6}% 51
\BOOKMARK [2][-]{subsection.3.6.5}{Twitter观点检索实验数据偏置分析}{section.3.6}% 52
\BOOKMARK [1][-]{section.3.7}{小结}{chapter.3}% 53
\BOOKMARK [0][-]{chapter.4}{Twitter中传播观点的发现}{}% 54
\BOOKMARK [1][-]{section.4.1}{引言}{chapter.4}% 55
\BOOKMARK [1][-]{section.4.2}{相关工作}{chapter.4}% 56
\BOOKMARK [2][-]{subsection.4.2.1}{Tweet转发预测}{section.4.2}% 57
\BOOKMARK [2][-]{subsection.4.2.2}{Twitter观点检索 }{section.4.2}% 58
\BOOKMARK [2][-]{subsection.4.2.3}{观点质量评价}{section.4.2}% 59
\BOOKMARK [1][-]{section.4.3}{Twitter传播观点检索实验数据}{chapter.4}% 60
\BOOKMARK [1][-]{section.4.4}{基于排序学习的 Twitter传播观点检索框架 }{chapter.4}% 61
\BOOKMARK [2][-]{subsection.4.4.1}{Twitter传播观点检索排序学习框架}{section.4.4}% 62
\BOOKMARK [2][-]{subsection.4.4.2}{Twitter传播观点检索相关特征}{section.4.4}% 63
\BOOKMARK [1][-]{section.4.5}{传播度特征}{chapter.4}% 64
\BOOKMARK [1][-]{section.4.6}{观点化特征}{chapter.4}% 65
\BOOKMARK [1][-]{section.4.7}{文本质量特征}{chapter.4}% 66
\BOOKMARK [1][-]{section.4.8}{Twitter传播观点检索实验}{chapter.4}% 67
\BOOKMARK [2][-]{subsection.4.8.1}{传播观点人工预测实验}{section.4.8}% 68
\BOOKMARK [2][-]{subsection.4.8.2}{Twitter传播观点检索实验设置和基准系统（Baseline）}{section.4.8}% 69
\BOOKMARK [2][-]{subsection.4.8.3}{Twitter传播观点检索实验结果及分析}{section.4.8}% 70
\BOOKMARK [2][-]{subsection.4.8.4}{Twitter观点传播预测VS Twitter普通tweet传播预测}{section.4.8}% 71
\BOOKMARK [2][-]{subsection.4.8.5}{Twitter传播观点预测VS Twitter传播观点人工预测}{section.4.8}% 72
\BOOKMARK [1][-]{section.4.9}{小结}{chapter.4}% 73
\BOOKMARK [0][-]{chapter.5}{Twitter中信息传播者的发现}{}% 74
\BOOKMARK [1][-]{section.5.1}{引言}{chapter.5}% 75
\BOOKMARK [1][-]{section.5.2}{相关工作}{chapter.5}% 76
\BOOKMARK [1][-]{section.5.3}{基于排序学习的Twitter信息传播者发现框架 }{chapter.5}% 77
\BOOKMARK [2][-]{subsection.5.3.1}{Twitter信息传播者发现排序学习框架}{section.5.3}% 78
\BOOKMARK [2][-]{subsection.5.3.2}{Twitter信息传播者相关特征}{section.5.3}% 79
\BOOKMARK [1][-]{section.5.4}{转发历史特征}{chapter.5}% 80
\BOOKMARK [1][-]{section.5.5}{用户特征}{chapter.5}% 81
\BOOKMARK [1][-]{section.5.6}{用户活跃时间特征}{chapter.5}% 82
\BOOKMARK [1][-]{section.5.7}{用户兴趣特征}{chapter.5}% 83
\BOOKMARK [1][-]{section.5.8}{Twitter信息传播者发现实验}{chapter.5}% 84
\BOOKMARK [2][-]{subsection.5.8.1}{Twitter信息传播者发现实验数据}{section.5.8}% 85
\BOOKMARK [2][-]{subsection.5.8.2}{Twitter信息传播者发现实验设置}{section.5.8}% 86
\BOOKMARK [2][-]{subsection.5.8.3}{Twitter信息传播者发现基准系统（Baseline）}{section.5.8}% 87
\BOOKMARK [2][-]{subsection.5.8.4}{Twitter信息传播者发现实验结果及分析}{section.5.8}% 88
\BOOKMARK [1][-]{section.5.9}{小结}{chapter.5}% 89
\BOOKMARK [0][-]{chapter.6}{总结与展望}{}% 90
\BOOKMARK [1][-]{section.6.1}{工作总结}{chapter.6}% 91
\BOOKMARK [1][-]{section.6.2}{工作展望}{chapter.6}% 92
\BOOKMARK [0][-]{chapter*.55}{致谢}{}% 93
\BOOKMARK [0][-]{section*.56}{参考文献}{}% 94
\BOOKMARK [0][-]{chapter*.58}{作者在学期间取得的学术成果}{}% 95
