This is XeTeX, Version 3.1415926-2.3-0.9997.5 (Web2C 2011) (format=xelatex 2012.4.14)  25 NOV 2014 19:38
entering extended mode
 restricted \write18 enabled.
 %&-line parsing enabled.
**thesis.tex
(./thesis.tex
LaTeX2e <2009/09/24>
Babel <v3.8l> and hyphenation patterns for english, dumylang, nohyphenation, pi
nyin, ukenglish, usenglishmax, loaded.
(./nudtpaper.cls
Document Class: nudtpaper 2011/07/17 v2.2 NUDT paper template
(f:/texlive/2011/texmf-dist/tex/latex/base/ifthen.sty
Package: ifthen 2001/05/26 v1.1c Standard LaTeX ifthen package (DPC)
)
(f:/texlive/2011/texmf-dist/tex/latex/tools/calc.sty
Package: calc 2007/08/22 v4.3 Infix arithmetic (KKT,FJ)
\calc@Acount=\count80
\calc@Bcount=\count81
\calc@Adimen=\dimen102
\calc@Bdimen=\dimen103
\calc@Askip=\skip41
\calc@Bskip=\skip42
LaTeX Info: Redefining \setlength on input line 76.
LaTeX Info: Redefining \addtolength on input line 77.
\calc@Ccount=\count82
\calc@Cskip=\skip43
)
(f:/texlive/2011/texmf-dist/tex/latex/base/book.cls
Document Class: book 2007/10/19 v1.4h Standard LaTeX document class
(f:/texlive/2011/texmf-dist/tex/latex/base/bk12.clo
File: bk12.clo 2007/10/19 v1.4h Standard LaTeX file (size option)
)
\c@part=\count83
\c@chapter=\count84
\c@section=\count85
\c@subsection=\count86
\c@subsubsection=\count87
\c@paragraph=\count88
\c@subparagraph=\count89
\c@figure=\count90
\c@table=\count91
\abovecaptionskip=\skip44
\belowcaptionskip=\skip45
\bibindent=\dimen104
)
(f:/texlive/2011/texmf-dist/tex/latex/geometry/geometry.sty
Package: geometry 2010/09/12 v5.6 Page Geometry

(f:/texlive/2011/texmf-dist/tex/latex/graphics/keyval.sty
Package: keyval 1999/03/16 v1.13 key=value parser (DPC)
\KV@toks@=\toks14
)
(f:/texlive/2011/texmf-dist/tex/generic/oberdiek/ifpdf.sty
Package: ifpdf 2011/01/30 v2.3 Provides the ifpdf switch (HO)
Package ifpdf Info: pdfTeX in PDF mode is not detected.
)
(f:/texlive/2011/texmf-dist/tex/generic/oberdiek/ifvtex.sty
Package: ifvtex 2010/03/01 v1.5 Switches for detecting VTeX and its modes (HO)
Package ifvtex Info: VTeX not detected.
)
(f:/texlive/2011/texmf-dist/tex/generic/ifxetex/ifxetex.sty
Package: ifxetex 2010/09/12 v0.6 Provides ifxetex conditional
)
\Gm@cnth=\count92
\Gm@cntv=\count93
\c@Gm@tempcnt=\count94
\Gm@bindingoffset=\dimen105
\Gm@wd@mp=\dimen106
\Gm@odd@mp=\dimen107
\Gm@even@mp=\dimen108
\Gm@layoutwidth=\dimen109
\Gm@layoutheight=\dimen110
\Gm@layouthoffset=\dimen111
\Gm@layoutvoffset=\dimen112
\Gm@dimlist=\toks15
)
(f:/texlive/2011/texmf-dist/tex/latex/titlesec/titlesec.sty
Package: titlesec 2007/08/12 v2.8 Sectioning titles
\ttl@box=\box26
\beforetitleunit=\skip46
\aftertitleunit=\skip47
\ttl@plus=\dimen113
\ttl@minus=\dimen114
\ttl@toksa=\toks16
\titlewidth=\dimen115
\titlewidthlast=\dimen116
\titlewidthfirst=\dimen117

(f:/texlive/2011/texmf-dist/tex/latex/titlesec/ttlps.def
File: ttlps.def 2007/08/12
))
(f:/texlive/2011/texmf-dist/tex/latex/titlesec/titletoc.sty
Package: titletoc 2007/08/12 v1.6 TOC entries
\ttl@leftsep=\dimen118
)
(f:/texlive/2011/texmf-dist/tex/latex/graphics/graphicx.sty
Package: graphicx 1999/02/16 v1.0f Enhanced LaTeX Graphics (DPC,SPQR)

(f:/texlive/2011/texmf-dist/tex/latex/graphics/graphics.sty
Package: graphics 2009/02/05 v1.0o Standard LaTeX Graphics (DPC,SPQR)

(f:/texlive/2011/texmf-dist/tex/latex/graphics/trig.sty
Package: trig 1999/03/16 v1.09 sin cos tan (DPC)
)
(f:/texlive/2011/texmf-dist/tex/latex/latexconfig/graphics.cfg
File: graphics.cfg 2010/04/23 v1.9 graphics configuration of TeX Live
)
Package graphics Info: Driver file: xetex.def on input line 91.

(f:/texlive/2011/texmf-dist/tex/xelatex/xetex-def/xetex.def
File: xetex.def 2009/11/22 v0.94 LaTeX color/graphics driver for XeTeX (RRM/JK)

))
\Gin@req@height=\dimen119
\Gin@req@width=\dimen120
)
(f:/texlive/2011/texmf-dist/tex/latex/subfig/subfig.sty
Package: subfig 2005/06/28 ver: 1.3 subfig package

(f:/texlive/2011/texmf-dist/tex/latex/caption/caption.sty
Package: caption 2010/01/09 v3.1m Customizing captions (AR)

(f:/texlive/2011/texmf-dist/tex/latex/caption/caption3.sty
Package: caption3 2010/01/14 v3.1m caption3 kernel (AR)
\captionmargin=\dimen121
\captionmargin@=\dimen122
\captionwidth=\dimen123
\caption@indent=\dimen124
\caption@parindent=\dimen125
\caption@hangindent=\dimen126
)
\c@ContinuedFloat=\count95
)
\c@KVtest=\count96
\sf@farskip=\skip48
\sf@captopadj=\dimen127
\sf@capskip=\skip49
\sf@nearskip=\skip50


Package subfig Warning: Configuration file subfig.cfg not found on input line 2
97.

\c@subfigure=\count97
\c@subfigure@save=\count98
\c@lofdepth=\count99
\c@subtable=\count100
\c@subtable@save=\count101
\c@lotdepth=\count102
\sf@top=\skip51
\sf@bottom=\skip52
) (f:/texlive/2011/texmf-dist/tex/latex/float/float.sty
Package: float 2001/11/08 v1.3d Float enhancements (AL)
\c@float@type=\count103
\float@exts=\toks17
\float@box=\box27
\@float@everytoks=\toks18
\@floatcapt=\box28
)
(f:/texlive/2011/texmf-dist/tex/latex/tools/array.sty
Package: array 2008/09/09 v2.4c Tabular extension package (FMi)
\col@sep=\dimen128
\extrarowheight=\dimen129
\NC@list=\toks19
\extratabsurround=\skip53
\backup@length=\skip54
)
(f:/texlive/2011/texmf-dist/tex/latex/tools/longtable.sty
Package: longtable 2004/02/01 v4.11 Multi-page Table package (DPC)
\LTleft=\skip55
\LTright=\skip56
\LTpre=\skip57
\LTpost=\skip58
\LTchunksize=\count104
\LTcapwidth=\dimen130
\LT@head=\box29
\LT@firsthead=\box30
\LT@foot=\box31
\LT@lastfoot=\box32
\LT@cols=\count105
\LT@rows=\count106
\c@LT@tables=\count107
\c@LT@chunks=\count108
\LT@p@ftn=\toks20
)
(f:/texlive/2011/texmf-dist/tex/latex/booktabs/booktabs.sty
Package: booktabs 2005/04/14 v1.61803 publication quality tables
\heavyrulewidth=\dimen131
\lightrulewidth=\dimen132
\cmidrulewidth=\dimen133
\belowrulesep=\dimen134
\belowbottomsep=\dimen135
\aboverulesep=\dimen136
\abovetopsep=\dimen137
\cmidrulesep=\dimen138
\cmidrulekern=\dimen139
\defaultaddspace=\dimen140
\@cmidla=\count109
\@cmidlb=\count110
\@aboverulesep=\dimen141
\@belowrulesep=\dimen142
\@thisruleclass=\count111
\@lastruleclass=\count112
\@thisrulewidth=\dimen143
)
(f:/texlive/2011/texmf-dist/tex/latex/multirow/multirow.sty
\bigstrutjot=\dimen144
)
(f:/texlive/2011/texmf-dist/tex/latex/tools/tabularx.sty
Package: tabularx 1999/01/07 v2.07 `tabularx' package (DPC)
\TX@col@width=\dimen145
\TX@old@table=\dimen146
\TX@old@col=\dimen147
\TX@target=\dimen148
\TX@delta=\dimen149
\TX@cols=\count113
\TX@ftn=\toks21
) (./slashbox.sty
slashbox style by K.Yasuoka, May 1993.
\@slashboxa=\box33
\@slashboxb=\box34
\@slashboxc=\box35
\@slashboxwd=\count114
\@slashboxht=\count115
\@slashsepl=\dimen150
\@slashsepr=\dimen151
) (f:/texlive/2011/texmf-dist/tex/latex/paralist/paralist.sty
Package: paralist 2002/03/18 v2.3b Extended list environments (BS)
\pltopsep=\skip59
\plpartopsep=\skip60
\plitemsep=\skip61
\plparsep=\skip62
\pl@lab=\toks22
)
(f:/texlive/2011/texmf-dist/tex/latex/xcolor/xcolor.sty
Package: xcolor 2007/01/21 v2.11 LaTeX color extensions (UK)

(f:/texlive/2011/texmf-dist/tex/latex/latexconfig/color.cfg
File: color.cfg 2007/01/18 v1.5 color configuration of teTeX/TeXLive
)
Package xcolor Info: Driver file: xetex.def on input line 225.
Package xcolor Info: Model `cmy' substituted by `cmy0' on input line 1337.
Package xcolor Info: Model `RGB' extended on input line 1353.
Package xcolor Info: Model `HTML' substituted by `rgb' on input line 1355.
Package xcolor Info: Model `Hsb' substituted by `hsb' on input line 1356.
Package xcolor Info: Model `tHsb' substituted by `hsb' on input line 1357.
Package xcolor Info: Model `HSB' substituted by `hsb' on input line 1358.
Package xcolor Info: Model `Gray' substituted by `gray' on input line 1359.
Package xcolor Info: Model `wave' substituted by `hsb' on input line 1360.
)
(f:/texlive/2011/texmf-dist/tex/latex/amsmath/amsmath.sty
Package: amsmath 2000/07/18 v2.13 AMS math features
\@mathmargin=\skip63

For additional information on amsmath, use the `?' option.
(f:/texlive/2011/texmf-dist/tex/latex/amsmath/amstext.sty
Package: amstext 2000/06/29 v2.01

(f:/texlive/2011/texmf-dist/tex/latex/amsmath/amsgen.sty
File: amsgen.sty 1999/11/30 v2.0
\@emptytoks=\toks23
\ex@=\dimen152
))
(f:/texlive/2011/texmf-dist/tex/latex/amsmath/amsbsy.sty
Package: amsbsy 1999/11/29 v1.2d
\pmbraise@=\dimen153
)
(f:/texlive/2011/texmf-dist/tex/latex/amsmath/amsopn.sty
Package: amsopn 1999/12/14 v2.01 operator names
)
\inf@bad=\count116
LaTeX Info: Redefining \frac on input line 211.
\uproot@=\count117
\leftroot@=\count118
LaTeX Info: Redefining \overline on input line 307.
\classnum@=\count119
\DOTSCASE@=\count120
LaTeX Info: Redefining \ldots on input line 379.
LaTeX Info: Redefining \dots on input line 382.
LaTeX Info: Redefining \cdots on input line 467.
\Mathstrutbox@=\box36
\strutbox@=\box37
\big@size=\dimen154
LaTeX Font Info:    Redeclaring font encoding OML on input line 567.
LaTeX Font Info:    Redeclaring font encoding OMS on input line 568.
\macc@depth=\count121
\c@MaxMatrixCols=\count122
\dotsspace@=\muskip10
\c@parentequation=\count123
\dspbrk@lvl=\count124
\tag@help=\toks24
\row@=\count125
\column@=\count126
\maxfields@=\count127
\andhelp@=\toks25
\eqnshift@=\dimen155
\alignsep@=\dimen156
\tagshift@=\dimen157
\tagwidth@=\dimen158
\totwidth@=\dimen159
\lineht@=\dimen160
\@envbody=\toks26
\multlinegap=\skip64
\multlinetaggap=\skip65
\mathdisplay@stack=\toks27
LaTeX Info: Redefining \[ on input line 2666.
LaTeX Info: Redefining \] on input line 2667.
)
(f:/texlive/2011/texmf-dist/tex/latex/amsfonts/amssymb.sty
Package: amssymb 2009/06/22 v3.00

(f:/texlive/2011/texmf-dist/tex/latex/amsfonts/amsfonts.sty
Package: amsfonts 2009/06/22 v3.00 Basic AMSFonts support
\symAMSa=\mathgroup4
\symAMSb=\mathgroup5
LaTeX Font Info:    Overwriting math alphabet `\mathfrak' in version `bold'
(Font)                  U/euf/m/n --> U/euf/b/n on input line 96.
))
(f:/texlive/2011/texmf-dist/tex/latex/txfonts/txfonts.sty
Package: txfonts 2008/01/22 v3.2.1
LaTeX Font Info:    Redeclaring symbol font `operators' on input line 21.
LaTeX Font Info:    Overwriting symbol font `operators' in version `normal'
(Font)                  OT1/cmr/m/n --> OT1/txr/m/n on input line 21.
LaTeX Font Info:    Overwriting symbol font `operators' in version `bold'
(Font)                  OT1/cmr/bx/n --> OT1/txr/m/n on input line 21.
LaTeX Font Info:    Overwriting symbol font `operators' in version `bold'
(Font)                  OT1/txr/m/n --> OT1/txr/bx/n on input line 22.
\symitalic=\mathgroup6
LaTeX Font Info:    Overwriting symbol font `italic' in version `bold'
(Font)                  OT1/txr/m/it --> OT1/txr/bx/it on input line 26.
LaTeX Font Info:    Redeclaring math alphabet \mathbf on input line 29.
LaTeX Font Info:    Overwriting math alphabet `\mathbf' in version `normal'
(Font)                  OT1/cmr/bx/n --> OT1/txr/bx/n on input line 29.
LaTeX Font Info:    Overwriting math alphabet `\mathbf' in version `bold'
(Font)                  OT1/cmr/bx/n --> OT1/txr/bx/n on input line 29.
LaTeX Font Info:    Redeclaring math alphabet \mathit on input line 30.
LaTeX Font Info:    Overwriting math alphabet `\mathit' in version `normal'
(Font)                  OT1/cmr/m/it --> OT1/txr/m/it on input line 30.
LaTeX Font Info:    Overwriting math alphabet `\mathit' in version `bold'
(Font)                  OT1/cmr/bx/it --> OT1/txr/m/it on input line 30.
LaTeX Font Info:    Overwriting math alphabet `\mathit' in version `bold'
(Font)                  OT1/txr/m/it --> OT1/txr/bx/it on input line 31.
LaTeX Font Info:    Redeclaring math alphabet \mathsf on input line 40.
LaTeX Font Info:    Overwriting math alphabet `\mathsf' in version `normal'
(Font)                  OT1/cmss/m/n --> OT1/txss/m/n on input line 40.
LaTeX Font Info:    Overwriting math alphabet `\mathsf' in version `bold'
(Font)                  OT1/cmss/bx/n --> OT1/txss/m/n on input line 40.
LaTeX Font Info:    Overwriting math alphabet `\mathsf' in version `bold'
(Font)                  OT1/txss/m/n --> OT1/txss/b/n on input line 41.
LaTeX Font Info:    Redeclaring math alphabet \mathtt on input line 50.
LaTeX Font Info:    Overwriting math alphabet `\mathtt' in version `normal'
(Font)                  OT1/cmtt/m/n --> OT1/txtt/m/n on input line 50.
LaTeX Font Info:    Overwriting math alphabet `\mathtt' in version `bold'
(Font)                  OT1/cmtt/m/n --> OT1/txtt/m/n on input line 50.
LaTeX Font Info:    Overwriting math alphabet `\mathtt' in version `bold'
(Font)                  OT1/txtt/m/n --> OT1/txtt/b/n on input line 51.
LaTeX Font Info:    Redeclaring symbol font `letters' on input line 58.
LaTeX Font Info:    Overwriting symbol font `letters' in version `normal'
(Font)                  OML/cmm/m/it --> OML/txmi/m/it on input line 58.
LaTeX Font Info:    Overwriting symbol font `letters' in version `bold'
(Font)                  OML/cmm/b/it --> OML/txmi/m/it on input line 58.
LaTeX Font Info:    Overwriting symbol font `letters' in version `bold'
(Font)                  OML/txmi/m/it --> OML/txmi/bx/it on input line 59.
\symlettersA=\mathgroup7
LaTeX Font Info:    Overwriting symbol font `lettersA' in version `bold'
(Font)                  U/txmia/m/it --> U/txmia/bx/it on input line 67.
LaTeX Font Info:    Redeclaring math alphabet \mathfrak on input line 70.
LaTeX Font Info:    Redeclaring symbol font `symbols' on input line 77.
LaTeX Font Info:    Overwriting symbol font `symbols' in version `normal'
(Font)                  OMS/cmsy/m/n --> OMS/txsy/m/n on input line 77.
LaTeX Font Info:    Overwriting symbol font `symbols' in version `bold'
(Font)                  OMS/cmsy/b/n --> OMS/txsy/m/n on input line 77.
LaTeX Font Info:    Overwriting symbol font `symbols' in version `bold'
(Font)                  OMS/txsy/m/n --> OMS/txsy/bx/n on input line 78.
LaTeX Font Info:    Redeclaring symbol font `AMSa' on input line 93.
LaTeX Font Info:    Overwriting symbol font `AMSa' in version `normal'
(Font)                  U/msa/m/n --> U/txsya/m/n on input line 93.
LaTeX Font Info:    Overwriting symbol font `AMSa' in version `bold'
(Font)                  U/msa/m/n --> U/txsya/m/n on input line 93.
LaTeX Font Info:    Overwriting symbol font `AMSa' in version `bold'
(Font)                  U/txsya/m/n --> U/txsya/bx/n on input line 94.
LaTeX Font Info:    Redeclaring symbol font `AMSb' on input line 102.
LaTeX Font Info:    Overwriting symbol font `AMSb' in version `normal'
(Font)                  U/msb/m/n --> U/txsyb/m/n on input line 102.
LaTeX Font Info:    Overwriting symbol font `AMSb' in version `bold'
(Font)                  U/msb/m/n --> U/txsyb/m/n on input line 102.
LaTeX Font Info:    Overwriting symbol font `AMSb' in version `bold'
(Font)                  U/txsyb/m/n --> U/txsyb/bx/n on input line 103.
\symsymbolsC=\mathgroup8
LaTeX Font Info:    Overwriting symbol font `symbolsC' in version `bold'
(Font)                  U/txsyc/m/n --> U/txsyc/bx/n on input line 113.
LaTeX Font Info:    Redeclaring symbol font `largesymbols' on input line 120.
LaTeX Font Info:    Overwriting symbol font `largesymbols' in version `normal'
(Font)                  OMX/cmex/m/n --> OMX/txex/m/n on input line 120.
LaTeX Font Info:    Overwriting symbol font `largesymbols' in version `bold'
(Font)                  OMX/cmex/m/n --> OMX/txex/m/n on input line 120.
LaTeX Font Info:    Overwriting symbol font `largesymbols' in version `bold'
(Font)                  OMX/txex/m/n --> OMX/txex/bx/n on input line 121.
\symlargesymbolsA=\mathgroup9
LaTeX Font Info:    Overwriting symbol font `largesymbolsA' in version `bold'
(Font)                  U/txexa/m/n --> U/txexa/bx/n on input line 129.
LaTeX Info: Redefining \not on input line 1043.
)
(f:/texlive/2011/texmf-dist/tex/latex/was/upgreek.sty
Package: upgreek 2003/02/12 v2.0 (WaS)
Package upgreek Info: Using Adobe Symbol, scaled 900, for upright Greek on inpu
t line 85.
\symugrf@m=\mathgroup10
)
(f:/texlive/2011/texmf-dist/tex/latex/tools/bm.sty
Package: bm 2004/02/26 v1.1c Bold Symbol Support (DPC/FMi)
\symboldoperators=\mathgroup11
\symboldletters=\mathgroup12
\symboldsymbols=\mathgroup13
\symboldlargesymbols=\mathgroup14
LaTeX Font Info:    Redeclaring math alphabet \mathbf on input line 138.
LaTeX Info: Redefining \bm on input line 204.
)
(f:/texlive/2011/texmf-dist/tex/latex/base/fontenc.sty
Package: fontenc 2005/09/27 v1.99g Standard LaTeX package

(f:/texlive/2011/texmf-dist/tex/latex/base/t1enc.def
File: t1enc.def 2005/09/27 v1.99g Standard LaTeX file
LaTeX Font Info:    Redeclaring font encoding T1 on input line 43.
))
(f:/texlive/2011/texmf-dist/tex/latex/ntheorem/ntheorem.sty
Style `ntheorem', Version 1.31 <2011/02/16>
Package: ntheorem 2011/02/16 1.31
\theorem@style=\toks28
\theorem@@style=\toks29
\theorembodyfont=\toks30
\theoremnumbering=\toks31
\theorempreskipamount=\skip66
\theorempostskipamount=\skip67
\theoremframepreskipamount=\skip68
\theoremframepostskipamount=\skip69
\theoremindent=\dimen161
\theorem@indent=\dimen162
\theoremheaderfont=\toks32
\theoremseparator=\toks33
\theoremprework=\toks34
\theorempostwork=\toks35
\theoremsymbol=\toks36
\qedsymbol=\toks37
\theoremkeyword=\toks38
\qedsymbol=\toks39
\thm@topsepadd=\skip70
Package ntheorem Info: Option `thmmarks' loaded on input line 1066.
\c@endNonectr=\count128
\c@currNonectr=\count129
\mysavskip=\skip71
Package ntheorem Info: option `amsmath' handling for `thmmarks' loaded on input
 line 1066.
\thm@amstmpdepth=\dimen163
\tagwidth=\dimen164
) (f:/texlive/2011/texmf-dist/tex/xelatex/xecjk/xeCJK.sty
Package: xeCJK 2011/05/01 2.3.19 package for typesetting CJK scripts with XeLaT
eX

(f:/texlive/2011/texmf-dist/tex/latex/fontspec/fontspec.sty
Package: fontspec 2011/02/26 v2.1f Advanced font selection for XeLaTeX/LuaLaTeX


(f:/texlive/2011/texmf-dist/tex/latex/expl3/expl3.sty
(f:/texlive/2011/texmf-dist/tex/latex/expl3/l3names.sty
Package: l3names 2011/01/08 v2122 L3 Experimental Naming Scheme for TeX Primiti
ves
)
Package: expl3 2011/04/09 v2222 L3 Experimental code bundle wrapper

(f:/texlive/2011/texmf-dist/tex/latex/etex-pkg/etex.sty
Package: etex 1998/03/26 v2.0 eTeX basic definition package (PEB)
\et@xins=\count130
)
(f:/texlive/2011/texmf-dist/tex/latex/expl3/l3basics.sty
Package: l3basics 2011/04/23 v2246 L3 Experimental basic definitions
)
(f:/texlive/2011/texmf-dist/tex/latex/expl3/l3expan.sty
Package: l3expan 2011/04/09 v2223 L3 Experimental Argument Expansion module
)
(f:/texlive/2011/texmf-dist/tex/latex/expl3/l3tl.sty
Package: l3tl 2011/04/09 v2223 L3 Experimental Token Lists
)
(f:/texlive/2011/texmf-dist/tex/latex/expl3/l3int.sty
Package: l3int 2011/04/11 v2229 L3 Experimental Integer module
\l_tmpa_int=\count131
\l_tmpb_int=\count132
\l_tmpc_int=\count133
\g_tmpa_int=\count134
\g_tmpb_int=\count135
\c_max_int=\count136
\g_tl_inline_level_int=\count137
\g_prg_inline_level_int=\count138
)
(f:/texlive/2011/texmf-dist/tex/latex/expl3/l3quark.sty
Package: l3quark 2011/04/14 v2234 L3 Experimental Quark Commands
)
(f:/texlive/2011/texmf-dist/tex/latex/expl3/l3seq.sty
Package: l3seq 2011/04/21 v2245 The LaTeX3 kernel: sequences and stacks
\g_seq_nesting_depth_int=\count139
)
(f:/texlive/2011/texmf-dist/tex/latex/expl3/l3toks.sty
Package: l3toks 2011/04/09 v2223 L3 Experimental Token Registers
\l_tmpb_toks=\toks40
\l_tmpc_toks=\toks41
\g_tmpa_toks=\toks42
\g_tmpb_toks=\toks43
\g_tmpc_toks=\toks44
\c_empty_toks=\toks45
\l_tl_replace_toks=\toks46
)
(f:/texlive/2011/texmf-dist/tex/latex/expl3/l3prg.sty
Package: l3prg 2011/04/09 v2223 L3 Experimental control structures
)
(f:/texlive/2011/texmf-dist/tex/latex/expl3/l3clist.sty
Package: l3clist 2011/04/09 v2223 L3 Experimental comma separated lists
\g_clist_map_inline_int=\count140
)
(f:/texlive/2011/texmf-dist/tex/latex/expl3/l3token.sty
Package: l3token 2011/04/09 v2223 L3 Experimental token investigation and manip
ulation
)
(f:/texlive/2011/texmf-dist/tex/latex/expl3/l3prop.sty
Package: l3prop 2011/04/09 v2223 L3 Experimental Property Lists
\g_prop_inline_level_int=\count141
)
(f:/texlive/2011/texmf-dist/tex/latex/expl3/l3msg.sty
Package: l3msg 2010/10/02 v2052 L3 Experimental LaTeX Messages module
\l_msg_redirect_classes_prop=\toks47
\l_msg_redirect_names_prop=\toks48
\l_msg_redirect_fatal_prop=\toks49
\l_msg_redirect_error_prop=\toks50
\l_msg_redirect_warning_prop=\toks51
\l_msg_redirect_info_prop=\toks52
\l_msg_redirect_log_prop=\toks53
\l_msg_redirect_trace_prop=\toks54
\l_msg_redirect_none_prop=\toks55
)
(f:/texlive/2011/texmf-dist/tex/latex/expl3/l3io.sty
Package: l3io 2010/10/03 v2063 L3 Experimental i/o module
\g_iow_streams_prop=\toks56
\g_ior_streams_prop=\toks57
\l_iow_stream_int=\count142
)
(f:/texlive/2011/texmf-dist/tex/latex/expl3/l3skip.sty
Package: l3skip 2011/02/15 v2149 L3 Experimental skip registers
\l_tmpa_skip=\skip72
\l_tmpb_skip=\skip73
\l_tmpc_skip=\skip74
\g_tmpa_skip=\skip75
\g_tmpb_skip=\skip76
\l_tmpa_dim=\dimen165
\l_tmpb_dim=\dimen166
\l_tmpc_dim=\dimen167
\l_tmpd_dim=\dimen168
\g_tmpa_dim=\dimen169
\g_tmpb_dim=\dimen170
)
(f:/texlive/2011/texmf-dist/tex/latex/expl3/l3box.sty
Package: l3box 2011/04/09 v2223 L3 Experimental Box module
\l_tmpb_box=\box38
)
(f:/texlive/2011/texmf-dist/tex/latex/expl3/l3keyval.sty
Package: l3keyval 2011/04/09 v2223 L3 Experimental keyval processing
\l_KV_level_int=\count143
)
(f:/texlive/2011/texmf-dist/tex/latex/expl3/l3keys.sty
Package: l3keys 2010/11/11 v2082 L3 Experimental key-value support
\l_keys_choice_int=\count144
)
(f:/texlive/2011/texmf-dist/tex/latex/expl3/l3precom.sty
Package: l3precom 2011/04/09 v2223 L3 Experimental precompilation module
\g_gen_sym_int=\count145
\g_ggen_sym_int=\count146
)
(f:/texlive/2011/texmf-dist/tex/latex/expl3/l3xref.sty
Package: l3xref 2011/04/09 v2223 L3 Experimental cross referencing
\g_xref_all_curr_immediate_fields_prop=\toks58
\g_xref_all_curr_deferred_fields_prop=\toks59
)
(f:/texlive/2011/texmf-dist/tex/latex/expl3/l3file.sty
Package: l3file 2011/04/21 v2242 The LaTeX3 kernel: file operations
)
(f:/texlive/2011/texmf-dist/tex/latex/expl3/l3fp.sty
Package: l3fp 2011/03/19 v2201 L3 Experimental floating-point operations
\c_one_million=\count147
\c_one_hundred_million=\count148
\c_five_hundred_million=\count149
\c_one_thousand_million=\count150
\c_fp_pi_by_four_decimal_int=\count151
\c_fp_pi_by_four_extended_int=\count152
\c_fp_pi_decimal_int=\count153
\c_fp_pi_extended_int=\count154
\c_fp_two_pi_decimal_int=\count155
\c_fp_two_pi_extended_int=\count156
\l_fp_count_int=\count157
\l_fp_div_offset_int=\count158
\l_fp_exp_integer_int=\count159
\l_fp_exp_decimal_int=\count160
\l_fp_exp_extended_int=\count161
\l_fp_exp_exponent_int=\count162
\l_fp_input_a_sign_int=\count163
\l_fp_input_a_integer_int=\count164
\l_fp_input_a_decimal_int=\count165
\l_fp_input_a_exponent_int=\count166
\l_fp_input_b_sign_int=\count167
\l_fp_input_b_integer_int=\count168
\l_fp_input_b_decimal_int=\count169
\l_fp_input_b_exponent_int=\count170
\l_fp_input_a_extended_int=\count171
\l_fp_input_b_extended_int=\count172
\l_fp_mul_a_i_int=\count173
\l_fp_mul_a_ii_int=\count174
\l_fp_mul_a_iii_int=\count175
\l_fp_mul_a_iv_int=\count176
\l_fp_mul_a_v_int=\count177
\l_fp_mul_a_vi_int=\count178
\l_fp_mul_b_i_int=\count179
\l_fp_mul_b_ii_int=\count180
\l_fp_mul_b_iii_int=\count181
\l_fp_mul_b_iv_int=\count182
\l_fp_mul_b_v_int=\count183
\l_fp_mul_b_vi_int=\count184
\l_fp_mul_output_int=\count185
\l_fp_output_sign_int=\count186
\l_fp_output_integer_int=\count187
\l_fp_output_decimal_int=\count188
\l_fp_output_exponent_int=\count189
\l_fp_output_extended_int=\count190
\l_fp_round_position_int=\count191
\l_fp_round_target_int=\count192
\l_fp_split_sign_int=\count193
\l_fp_tmp_int=\count194
\l_fp_trig_octant_int=\count195
\l_fp_trig_sign_int=\count196
\l_fp_trig_decimal_int=\count197
\l_fp_trig_extended_int=\count198
\l_fp_tmp_dim=\dimen171
\l_fp_tmp_skip=\skip77
)
(f:/texlive/2011/texmf-dist/tex/latex/expl3/l3luatex.sty
Package: l3luatex 2010/07/18 v1985 L3 Experimental LuaTeX functions
\g_cctab_allocate_int=\count199
\g_cctab_stack_int=\count200
))
(f:/texlive/2011/texmf-dist/tex/latex/xpackages/xbase/xparse.sty
Package: xparse 2011/04/08 v2219 Generic document command parser
\c_xparse_shorthands_prop=\toks60
\l_xparse_m_args_int=\count201
Normal \count register pool exhausted, switching to extended pool.
\l_xparse_mandatory_args_int=\count277
\l_xparse_processor_int=\count278
\l_xparse_total_args_int=\count279
)
(f:/texlive/2011/texmf-dist/tex/generic/kastrup/binhex.tex)
\l_fontspec_script_int=\count280
\l_fontspec_language_int=\count281
\l_fontspec_strnum_int=\count282
Variant \tl_gset:cV already defined; not changing it on line 83

(f:/texlive/2011/texmf-dist/tex/latex/xkeyval/xkeyval.sty
Package: xkeyval 2008/08/13 v2.6a package option processing (HA)

(f:/texlive/2011/texmf-dist/tex/generic/xkeyval/xkeyval.tex
\XKV@toks=\toks61
\XKV@tempa@toks=\toks62
\XKV@depth=\count283
File: xkeyval.tex 2008/08/13 v2.6a key=value parser (HA)
))
(f:/texlive/2011/texmf-dist/tex/latex/fontspec/fontspec-patches.sty
Package: fontspec-patches 2011/02/26 v2.1f Advanced font selection for XeLaTeX/
LuaLaTeX

(f:/texlive/2011/texmf-dist/tex/latex/base/fixltx2e.sty
Package: fixltx2e 2006/09/13 v1.1m fixes to LaTeX
LaTeX Info: Redefining \em on input line 420.
LaTeX Info: The control sequence `\[' is already robust on input line 471.
LaTeX Info: The control sequence `\]' is already robust on input line 472.
)
LaTeX Info: Redefining \em on input line 22.
LaTeX Info: Redefining \emph on input line 29.
LaTeX Info: Redefining \- on input line 32.
)
(f:/texlive/2011/texmf-dist/tex/latex/base/fontenc.sty
Package: fontenc 2005/09/27 v1.99g Standard LaTeX package

(f:/texlive/2011/texmf-dist/tex/latex/euenc/eu1enc.def
File: eu1enc.def 2010/05/27 v0.1h Experimental Unicode font encodings
)
LaTeX Font Info:    Try loading font information for EU1+lmr on input line 100.


(f:/texlive/2011/texmf-dist/tex/latex/euenc/eu1lmr.fd
File: eu1lmr.fd 2009/10/30 v1.6 Font defs for Latin Modern
))
(f:/texlive/2011/texmf-dist/tex/xelatex/xunicode/xunicode.sty
File: xunicode.sty 2010/11/06 v0.96 provides access to latin accents and many o
ther characters in Unicode lower plane
)
 LaTeX info: Defining document command \fontspec
(LaTeX)  with arg. spec. 'O{}m' on line 335.

 LaTeX info: Defining document command \setmainfont
(LaTeX)  with arg. spec. 'O{}m' on line 339.

 LaTeX info: Defining document command \setsansfont
(LaTeX)  with arg. spec. 'O{}m' on line 343.

 LaTeX info: Defining document command \setmonofont
(LaTeX)  with arg. spec. 'O{}m' on line 347.

 LaTeX info: Defining document command \setmathrm
(LaTeX)  with arg. spec. 'O{}m' on line 351.

 LaTeX info: Defining document command \setboldmathrm
(LaTeX)  with arg. spec. 'O{}m' on line 354.

 LaTeX info: Defining document command \setmathsf
(LaTeX)  with arg. spec. 'O{}m' on line 357.

 LaTeX info: Defining document command \setmathtt
(LaTeX)  with arg. spec. 'O{}m' on line 360.

 LaTeX info: Defining document command \newfontfamily
(LaTeX)  with arg. spec. 'mO{}m' on line 377.

 LaTeX info: Defining document command \newfontface
(LaTeX)  with arg. spec. 'mO{}m' on line 380.

 LaTeX info: Defining document command \defaultfontfeatures
(LaTeX)  with arg. spec. 'm' on line 383.

 LaTeX info: Defining document command \addfontfeatures
(LaTeX)  with arg. spec. 'm' on line 400.

 LaTeX info: Defining document command \newfontfeature
(LaTeX)  with arg. spec. 'mm' on line 407.

 LaTeX info: Defining document command \newAATfeature
(LaTeX)  with arg. spec. 'mmmm' on line 416.

 LaTeX info: Defining document command \newICUfeature
(LaTeX)  with arg. spec. 'mmm' on line 425.

 LaTeX info: Defining document command \aliasfontfeature
(LaTeX)  with arg. spec. 'mm' on line 427.

 LaTeX info: Defining document command \aliasfontfeatureoption
(LaTeX)  with arg. spec. 'mmm' on line 430.

 LaTeX info: Defining document command \newfontscript
(LaTeX)  with arg. spec. 'mm' on line 435.

 LaTeX info: Defining document command \newfontlanguage
(LaTeX)  with arg. spec. 'mm' on line 457.

 LaTeX info: Defining document command \DeclareFontsExtensions
(LaTeX)  with arg. spec. 'm' on line 474.

\c@fontspec_tmp_int=\count284
LaTeX Info: Redefining \itshape on input line 2105.
LaTeX Info: Redefining \slshape on input line 2109.
LaTeX Info: Redefining \scshape on input line 2113.
LaTeX Info: Redefining \upshape on input line 2117.

(f:/texlive/2011/texmf-dist/tex/latex/fontspec/fontspec.cfg))
\xeCJK@cnta=\count285
\xeCJK@cntb=\count286
\xeCJK@cntc=\count287
\xeCJK@cntd=\count288
\xeCJK@cnte=\count289
\xeCJK@dima=\dimen172
LaTeX Info: Redefining \normalfont on input line 853.
LaTeX Info: Redefining \rmfamily on input line 862.
LaTeX Info: Redefining \sffamily on input line 866.
LaTeX Info: Redefining \ttfamily on input line 870.
\xeCJK@featureadded=\count290

(f:/texlive/2011/texmf-dist/tex/latex/cjk/texinput/CJKnumb.sty
Package: CJKnumb 2008/12/29 4.8.2
\CJK@q=\count291
\CJK@r=\count292
))
(f:/texlive/2011/texmf-dist/tex/latex/tools/indentfirst.sty
Package: indentfirst 1995/11/23 v1.03 Indent first paragraph (DPC)
)
(f:/texlive/2011/texmf-dist/tex/latex/natbib/natbib.sty
Package: natbib 2010/09/13 8.31b (PWD, AO)
\bibhang=\skip78
\bibsep=\skip79
LaTeX Info: Redefining \cite on input line 694.
\c@NAT@ctr=\count293
)
(f:/texlive/2011/texmf-dist/tex/latex/hyperref/hyperref.sty
Package: hyperref 2011/04/17 v6.82g Hypertext links for LaTeX

(f:/texlive/2011/texmf-dist/tex/generic/oberdiek/hobsub-hyperref.sty
Package: hobsub-hyperref 2011/04/23 v1.4 Bundle oberdiek, subset hyperref (HO)

(f:/texlive/2011/texmf-dist/tex/generic/oberdiek/hobsub-generic.sty
Package: hobsub-generic 2011/04/23 v1.4 Bundle oberdiek, subset generic (HO)
Package: hobsub 2011/04/23 v1.4 Subsetting bundle oberdiek (HO)
Package: infwarerr 2010/04/08 v1.3 Providing info/warning/message (HO)
Package: ltxcmds 2011/04/18 v1.20 LaTeX kernel commands for general use (HO)
Package: ifluatex 2010/03/01 v1.3 Provides the ifluatex switch (HO)
Package ifluatex Info: LuaTeX not detected.
Package hobsub Info: Skipping package `ifvtex' (already loaded).
Package: intcalc 2007/09/27 v1.1 Expandable integer calculations (HO)
Package hobsub Info: Skipping package `ifpdf' (already loaded).
Package: etexcmds 2011/02/16 v1.5 Prefix for e-TeX command names (HO)
Package etexcmds Info: Could not find \expanded.
(etexcmds)             That can mean that you are not using pdfTeX 1.50 or
(etexcmds)             that some package has redefined \expanded.
(etexcmds)             In the latter case, load this package earlier.
Package: kvsetkeys 2011/04/07 v1.13 Key value parser (HO)
Package: kvdefinekeys 2011/04/07 v1.3 Defining keys (HO)
Package: pdftexcmds 2011/04/22 v0.16 Utilities of pdfTeX for LuaTeX (HO)
Package pdftexcmds Info: LuaTeX not detected.
Package pdftexcmds Info: pdfTeX >= 1.30 not detected.
Package pdftexcmds Info: \pdf@primitive is available.
Package pdftexcmds Info: \pdf@ifprimitive is available.
Package pdftexcmds Info: \pdfdraftmode not found.
Package: pdfescape 2011/04/04 v1.12 Provides string conversions (HO)
Package: bigintcalc 2011/01/30 v1.2 Expandable big integer calculations (HO)
Package: bitset 2011/01/30 v1.1 Data type bit set (HO)
Package: uniquecounter 2011/01/30 v1.2 Provides unlimited unique counter (HO)
)
Package hobsub Info: Skipping package `hobsub' (already loaded).
Package: letltxmacro 2010/09/02 v1.4 Let assignment for LaTeX macros (HO)
Package: hopatch 2011/01/30 v1.0 Wrapper for package hooks (HO)
Package: xcolor-patch 2011/01/30 xcolor patch
Package: atveryend 2011/04/23 v1.7 Hooks at very end of document (HO)
Package atveryend Info: \enddocument detected (standard).
Package: atbegshi 2011/01/30 v1.15 At begin shipout hook (HO)
Package: refcount 2010/12/01 v3.2 Data extraction from references (HO)
Package: hycolor 2011/01/30 v1.7 Color options of hyperref/bookmark (HO)
)
(f:/texlive/2011/texmf-dist/tex/latex/oberdiek/kvoptions.sty
Package: kvoptions 2010/12/23 v3.10 Keyval support for LaTeX options (HO)
)
\@linkdim=\dimen173
\Hy@linkcounter=\count294
\Hy@pagecounter=\count295

(f:/texlive/2011/texmf-dist/tex/latex/hyperref/pd1enc.def
File: pd1enc.def 2011/04/17 v6.82g Hyperref: PDFDocEncoding definition (HO)
)
\Hy@SavedSpaceFactor=\count296

(f:/texlive/2011/texmf-dist/tex/xelatex/xetexconfig/hyperref.cfg
File: hyperref.cfg 2008/07/11 v1.2 hyperref configuration for XeLaTeX
)
Package hyperref Info: Hyper figures OFF on input line 4026.
Package hyperref Info: Link nesting OFF on input line 4031.
Package hyperref Info: Hyper index ON on input line 4034.
Package hyperref Info: Plain pages OFF on input line 4041.
Package hyperref Info: Backreferencing OFF on input line 4046.
Package hyperref Info: Implicit mode ON; LaTeX internals redefined.
Package hyperref Info: Bookmarks ON on input line 4264.
\c@Hy@tempcnt=\count297

(f:/texlive/2011/texmf-dist/tex/latex/url/url.sty
\Urlmuskip=\muskip11
Package: url 2006/04/12  ver 3.3  Verb mode for urls, etc.
)
LaTeX Info: Redefining \url on input line 4617.
\Fld@menulength=\count298
\Field@Width=\dimen174
\Fld@charsize=\dimen175
Package hyperref Info: Hyper figures OFF on input line 5701.
Package hyperref Info: Link nesting OFF on input line 5706.
Package hyperref Info: Hyper index ON on input line 5709.
Package hyperref Info: backreferencing OFF on input line 5716.
Package hyperref Info: Link coloring OFF on input line 5721.
Package hyperref Info: Link coloring with OCG OFF on input line 5726.
Package hyperref Info: PDF/A mode OFF on input line 5731.
LaTeX Info: Redefining \ref on input line 5771.
LaTeX Info: Redefining \pageref on input line 5775.
\Hy@abspage=\count299
\c@Item=\count300
)

Package hyperref Message: Driver (autodetected): hxetex.

(f:/texlive/2011/texmf-dist/tex/latex/hyperref/hxetex.def
File: hxetex.def 2011/04/17 v6.82g Hyperref driver for XeTeX

(f:/texlive/2011/texmf-dist/tex/latex/hyperref/puenc.def
File: puenc.def 2011/04/17 v6.82g Hyperref: PDF Unicode definition (HO)
)
(f:/texlive/2011/texmf-dist/tex/generic/oberdiek/stringenc.sty
Package: stringenc 2010/03/01 v1.8 Converts strings between encodings (HO)
)
\pdfm@box=\box39
\c@Hy@AnnotLevel=\count301
\HyField@AnnotCount=\count302
\Fld@listcount=\count303
\c@bookmark@seq@number=\count304

(f:/texlive/2011/texmf-dist/tex/latex/oberdiek/rerunfilecheck.sty
Package: rerunfilecheck 2011/04/15 v1.7 Rerun checks for auxiliary files (HO)
Package rerunfilecheck Info: Feature \pdfmdfivesum is not available
(rerunfilecheck)             (e.g. pdfTeX or LuaTeX with package `pdftexcmds').

(rerunfilecheck)             Therefore file contents cannot be checked efficien
tly
(rerunfilecheck)             and the loading of the package is aborted.
)
\Hy@SectionHShift=\skip80
)
\g_fontspec_family_Times New Roman_int=\count305
 fontspec info: Defining font family 'TimesNewRoman(0)' for font 'Times New Rom
an' with options [Mapping=tex-text,].

\g_fontspec_TimesNewRoman(0)_prop=\toks63
 fontspec info: Defining shape 'normal' with NFSS spec.:
(fontspec)  <->"Times New Roman/ICU:script=latn;language=DFLT;mapping=tex-text;
"

 fontspec info: Defining shape 'bold' with NFSS spec.:
(fontspec)  <->"Times New Roman/B/ICU:script=latn;language=DFLT;mapping=tex-tex
t;"

 fontspec info: Defining shape 'italic' with NFSS spec.:
(fontspec)  <->"Times New Roman/I/ICU:script=latn;language=DFLT;mapping=tex-tex
t;"

 fontspec info: Defining shape 'bold italic' with NFSS spec.:
(fontspec)  <->"Times New Roman/BI/ICU:script=latn;language=DFLT;mapping=tex-te
xt;"

\g_fontspec_family_Arial_int=\count306
 fontspec info: Defining font family 'Arial(0)' for font 'Arial' with options [
Mapping=tex-text,].

\g_fontspec_Arial(0)_prop=\toks64
 fontspec info: Defining shape 'normal' with NFSS spec.:
(fontspec)  <->"Arial/ICU:script=latn;language=DFLT;mapping=tex-text;"

 fontspec info: Defining shape 'bold' with NFSS spec.:
(fontspec)  <->"Arial/B/ICU:script=latn;language=DFLT;mapping=tex-text;"

 fontspec info: Defining shape 'italic' with NFSS spec.:
(fontspec)  <->"Arial/I/ICU:script=latn;language=DFLT;mapping=tex-text;"

 fontspec info: Defining shape 'bold italic' with NFSS spec.:
(fontspec)  <->"Arial/BI/ICU:script=latn;language=DFLT;mapping=tex-text;"

\g_fontspec_family_Courier New_int=\count307
 fontspec info: Defining font family 'CourierNew(0)' for font 'Courier New' wit
h options [Mapping=tex-text,].

\g_fontspec_CourierNew(0)_prop=\toks65
 fontspec info: Defining shape 'normal' with NFSS spec.:
(fontspec)  <->"Courier New/ICU:script=latn;language=DFLT;mapping=tex-text;"

 fontspec info: Defining shape 'bold' with NFSS spec.:
(fontspec)  <->"Courier New/B/ICU:script=latn;language=DFLT;mapping=tex-text;"

 fontspec info: Defining shape 'italic' with NFSS spec.:
(fontspec)  <->"Courier New/I/ICU:script=latn;language=DFLT;mapping=tex-text;"

 fontspec info: Defining shape 'bold italic' with NFSS spec.:
(fontspec)  <->"Courier New/BI/ICU:script=latn;language=DFLT;mapping=tex-text;"


\thu@linespace=\skip81
\CJK@twochars=\skip82
\c@currproofctr=\count308
\c@endproofctr=\count309
\c@proof=\count310
\c@currassumptionctr=\count311
\c@endassumptionctr=\count312
\c@assumption=\count313
\c@currdefinitionctr=\count314
\c@enddefinitionctr=\count315
\c@definition=\count316
\c@currlemmactr=\count317
\c@endlemmactr=\count318
\c@lemma=\count319
\c@currtheoremctr=\count320
\c@endtheoremctr=\count321
\c@theorem=\count322
\c@curraxiomctr=\count323
\c@endaxiomctr=\count324
\c@axiom=\count325
\c@currcorollaryctr=\count326
\c@endcorollaryctr=\count327
\c@corollary=\count328
\c@currconjecturectr=\count329
\c@endconjecturectr=\count330
\c@conjecture=\count331
\c@currpropositionctr=\count332
\c@endpropositionctr=\count333
\c@proposition=\count334
\c@currexercisectr=\count335
\c@endexercisectr=\count336
\c@exercise=\count337
\c@currexamplectr=\count338
\c@endexamplectr=\count339
\c@example=\count340
\c@currproblemctr=\count341
\c@endproblemctr=\count342
\c@problem=\count343
\c@currremarkctr=\count344
\c@endremarkctr=\count345
\c@remark=\count346
\displaytitle=\toks66
)
(./mynudt.sty
Package: mynudt 2009/08/20 by you
 (f:/texlive/2011/texmf-dist/tex/latex/cases/cases.sty
Package: cases 2002/05/02 ver 2.5 
)
(f:/texlive/2011/texmf-dist/tex/latex/listings/listings.sty
\lst@mode=\count347
\lst@gtempboxa=\box40
\lst@token=\toks67
\lst@length=\count348
\lst@currlwidth=\dimen176
\lst@column=\count349
\lst@pos=\count350
\lst@lostspace=\dimen177
\lst@width=\dimen178
\lst@newlines=\count351
\lst@lineno=\count352
\lst@maxwidth=\dimen179

(f:/texlive/2011/texmf-dist/tex/latex/listings/lstmisc.sty
File: lstmisc.sty 2007/02/22 1.4 (Carsten Heinz)
\c@lstnumber=\count353
\lst@skipnumbers=\count354
\lst@framebox=\box41
)
(f:/texlive/2011/texmf-dist/tex/latex/listings/listings.cfg
File: listings.cfg 2007/02/22 1.4 listings configuration
))
Package: listings 2007/02/22 1.4 (Carsten Heinz)

(f:/texlive/2011/texmf-dist/tex/latex/fancyvrb/fancyvrb.sty
Package: fancyvrb 2008/02/07

Style option: `fancyvrb' v2.7a, with DG/SPQR fixes, and firstline=lastline fix 
<2008/02/07> (tvz)
\FV@CodeLineNo=\count355
\FV@InFile=\read1
\FV@TabBox=\box42
\c@FancyVerbLine=\count356
\FV@StepNumber=\count357
\FV@OutFile=\write3
)
(f:/texlive/2011/texmf-dist/tex/latex/algorithms/algorithm.sty
Invalid UTF-8 byte or sequence at line 11 replaced by U+FFFD.
Package: algorithm 2009/08/24 v0.1 Document Style `algorithm' - floating enviro
nment
\@float@every@algorithm=\toks68
\c@algorithm=\count358
)
(f:/texlive/2011/texmf-dist/tex/latex/algorithms/algorithmic.sty
Invalid UTF-8 byte or sequence at line 11 replaced by U+FFFD.
Package: algorithmic 2009/08/24 v0.1 Document Style `algorithmic'
\c@ALC@unique=\count359
\c@ALC@line=\count360
\c@ALC@rem=\count361
\c@ALC@depth=\count362
\ALC@tlm=\skip83
\algorithmicindent=\skip84
)
(f:/texlive/2011/texmf-dist/tex/latex/nomencl/nomencl.sty
Package: nomencl 2005/09/22 v4.2 Nomenclature package (LN)
\nomlabelwidth=\dimen180
\nom@tempdim=\dimen181
\nomitemsep=\skip85
))
(f:/texlive/2011/texmf-dist/tex/latex/graphics/lscape.sty
Package: lscape 2000/10/22 v3.01 Landscape Pages (DPC)
)
(f:/texlive/2011/texmf-dist/tex/latex/threeparttable/threeparttable.sty
Package: threeparttable 2003/06/13  v 3.0
\@tempboxb=\box43
)
\c@currhypothesisctr=\count363
\c@endhypothesisctr=\count364
\c@hypothesis=\count365

(./thesis.aux)
\openout1 = `thesis.aux'.

LaTeX Font Info:    Checking defaults for OML/txmi/m/it on input line 73.
LaTeX Font Info:    Try loading font information for OML+txmi on input line 73.

 (f:/texlive/2011/texmf-dist/tex/latex/txfonts/omltxmi.fd
File: omltxmi.fd 2000/12/15 v3.1
)
LaTeX Font Info:    ... okay on input line 73.
LaTeX Font Info:    Checking defaults for T1/cmr/m/n on input line 73.
LaTeX Font Info:    ... okay on input line 73.
LaTeX Font Info:    Checking defaults for OT1/cmr/m/n on input line 73.
LaTeX Font Info:    ... okay on input line 73.
LaTeX Font Info:    Checking defaults for OMS/txsy/m/n on input line 73.
LaTeX Font Info:    Try loading font information for OMS+txsy on input line 73.


(f:/texlive/2011/texmf-dist/tex/latex/txfonts/omstxsy.fd
File: omstxsy.fd 2000/12/15 v3.1
)
LaTeX Font Info:    ... okay on input line 73.
LaTeX Font Info:    Checking defaults for OMX/txex/m/n on input line 73.
LaTeX Font Info:    Try loading font information for OMX+txex on input line 73.


(f:/texlive/2011/texmf-dist/tex/latex/txfonts/omxtxex.fd
File: omxtxex.fd 2000/12/15 v3.1
)
LaTeX Font Info:    ... okay on input line 73.
LaTeX Font Info:    Checking defaults for U/txexa/m/n on input line 73.
LaTeX Font Info:    Try loading font information for U+txexa on input line 73.

(f:/texlive/2011/texmf-dist/tex/latex/txfonts/utxexa.fd
File: utxexa.fd 2000/12/15 v3.1
)
LaTeX Font Info:    ... okay on input line 73.
LaTeX Font Info:    Checking defaults for EU1/lmr/m/n on input line 73.
LaTeX Font Info:    ... okay on input line 73.
LaTeX Font Info:    Checking defaults for PD1/pdf/m/n on input line 73.
LaTeX Font Info:    ... okay on input line 73.
LaTeX Font Info:    Checking defaults for PU/pdf/m/n on input line 73.
LaTeX Font Info:    ... okay on input line 73.

*geometry* driver: auto-detecting
*geometry* detected driver: xetex
*geometry* verbose mode - [ preamble ] result:
* driver: xetex
* paper: <default>
* layout: <same size as paper>
* layoutoffset:(h,v)=(0.0pt,0.0pt)
* modes: includehead includefoot twoside 
* h-part:(L,W,R)=(85.35826pt, 426.79135pt, 85.35826pt)
* v-part:(T,H,B)=(59.75078pt, 712.74155pt, 72.55452pt)
* \paperwidth=597.50787pt
* \paperheight=845.04684pt
* \textwidth=426.79135pt
* \textheight=658.68135pt
* \oddsidemargin=13.08827pt
* \evensidemargin=13.08827pt
* \topmargin=-12.51921pt
* \headheight=25.60747pt
* \headsep=2.84526pt
* \topskip=0.0pt
* \footskip=25.60747pt
* \marginparwidth=88.0pt
* \marginparsep=7.0pt
* \columnsep=10.0pt
* \skip\footins=10.8pt plus 4.0pt minus 2.0pt
* \hoffset=0.0pt
* \voffset=0.0pt
* \mag=1000
* \@twocolumnfalse
* \@twosidetrue
* \@mparswitchtrue
* \@reversemarginfalse
* (1in=72.27pt=25.4mm, 1cm=28.453pt)

Package caption Info: Begin \AtBeginDocument code.
Package caption3 Info: subfig package 1.2 or 1.3 is loaded.
LaTeX Info: Redefining \subref on input line 73.
Package caption Info: float package is loaded.
Package caption Info: hyperref package is loaded.
Package caption Info: listings package is loaded.
Package caption Info: longtable package is loaded.
(f:/texlive/2011/texmf-dist/tex/latex/caption/ltcaption.sty
Package: ltcaption 2008/03/28 v1.2 longtable captions (AR)
)
Package caption Info: threeparttable package is loaded.
Package caption Info: End \AtBeginDocument code.
\AtBeginShipoutBox=\box44
Package hyperref Info: Link coloring OFF on input line 73.

(f:/texlive/2011/texmf-dist/tex/latex/hyperref/nameref.sty
Package: nameref 2010/04/30 v2.40 Cross-referencing by name of section

(f:/texlive/2011/texmf-dist/tex/generic/oberdiek/gettitlestring.sty
Package: gettitlestring 2010/12/03 v1.4 Cleanup title references (HO)
)
\c@section@level=\count366
)
LaTeX Info: Redefining \ref on input line 73.
LaTeX Info: Redefining \pageref on input line 73.
LaTeX Info: Redefining \nameref on input line 73.

(./thesis.out) (./thesis.out)
\@outlinefile=\write4
\openout4 = `thesis.out'.

\g_fontspec_family_Adobe Song Std_int=\count367
 fontspec info: Defining font family 'AdobeSongStd(0)' for font 'Adobe Song Std
' with options [Mapping=tex-text,BoldFont={Adobe Heiti Std},ItalicFont={Adobe K
aiti Std}].

\g_fontspec_AdobeSongStd(0)_prop=\toks69
 fontspec info: Defining shape 'normal' with NFSS spec.:
(fontspec)  <->"Adobe Song Std/ICU:script=latn;language=DFLT;mapping=tex-text;"


 fontspec info: Defining shape 'bold' with NFSS spec.:
(fontspec)  <->"Adobe Heiti Std/ICU:script=latn;language=DFLT;mapping=tex-text;
"

 fontspec info: Defining shape 'italic' with NFSS spec.:
(fontspec)  <->"Adobe Kaiti Std/ICU:script=latn;language=DFLT;mapping=tex-text;
"

 fontspec info: Could not resolve font Adobe Heiti Std/I (it probably doesn't e
xist).

\c@lstlisting=\count368
LaTeX Font Info:    Calculating math sizes for size <10.53937> on input line 80
.
LaTeX Font Info:    Try loading font information for OT1+txr on input line 80.

(f:/texlive/2011/texmf-dist/tex/latex/txfonts/ot1txr.fd
File: ot1txr.fd 2000/12/15 v3.1
)
LaTeX Font Info:    Try loading font information for U+txsya on input line 80.

(f:/texlive/2011/texmf-dist/tex/latex/txfonts/utxsya.fd
File: utxsya.fd 2000/12/15 v3.1
)
LaTeX Font Info:    Try loading font information for U+txsyb on input line 80.

(f:/texlive/2011/texmf-dist/tex/latex/txfonts/utxsyb.fd
File: utxsyb.fd 2000/12/15 v3.1
)
LaTeX Font Info:    Try loading font information for U+txmia on input line 80.

(f:/texlive/2011/texmf-dist/tex/latex/txfonts/utxmia.fd
File: utxmia.fd 2000/12/15 v3.1
)
LaTeX Font Info:    Try loading font information for U+txsyc on input line 80.

(f:/texlive/2011/texmf-dist/tex/latex/txfonts/utxsyc.fd
File: utxsyc.fd 2000/12/15 v3.1
)
LaTeX Font Info:    Font shape `U/fsy/m/n' will be
(Font)              scaled to size 9.48535pt on input line 80.
LaTeX Font Info:    Font shape `U/fsy/m/n' will be
(Font)              scaled to size 6.63971pt on input line 80.
LaTeX Font Info:    Font shape `U/fsy/m/n' will be
(Font)              scaled to size 4.74268pt on input line 80.
\g_fontspec_family_Adobe Fangsong Std_int=\count369
 fontspec info: Defining font family 'AdobeFangsongStd(0)' for font 'Adobe Fang
song Std' with options [Mapping=tex-text,].

\g_fontspec_AdobeFangsongStd(0)_prop=\toks70
 fontspec info: Defining shape 'normal' with NFSS spec.:
(fontspec)  <->"Adobe Fangsong Std/ICU:script=latn;language=DFLT;mapping=tex-te
xt;"

 fontspec info: Could not resolve font Adobe Fangsong Std/B (it probably doesn'
t exist).

 fontspec info: Could not resolve font Adobe Fangsong Std/I (it probably doesn'
t exist).

 fontspec info: Could not resolve font Adobe Fangsong Std/BI (it probably doesn
't exist).

\g_fontspec_family_Adobe Heiti Std_int=\count370
 fontspec info: Defining font family 'AdobeHeitiStd(0)' for font 'Adobe Heiti S
td' with options [Mapping=tex-text,].

\g_fontspec_AdobeHeitiStd(0)_prop=\toks71
 fontspec info: Defining shape 'normal' with NFSS spec.:
(fontspec)  <->"Adobe Heiti Std/ICU:script=latn;language=DFLT;mapping=tex-text;
"

 fontspec info: Could not resolve font Adobe Heiti Std/B (it probably doesn't e
xist).

 fontspec info: Could not resolve font Adobe Heiti Std/I (it probably doesn't e
xist).

 fontspec info: Could not resolve font Adobe Heiti Std/BI (it probably doesn't 
exist).

 fontspec info: Font STZhongsong does not contain any OpenType `Script' informa
tion.

\g_fontspec_family_STZhongsong_int=\count371
 fontspec info: Defining font family 'STZhongsong(0)' for font 'STZhongsong' wi
th options [Mapping=tex-text,].

\g_fontspec_STZhongsong(0)_prop=\toks72
 fontspec info: Defining shape 'normal' with NFSS spec.:
(fontspec)  <->"STZhongsong/ICU:mapping=tex-text;"

 fontspec info: Could not resolve font STZhongsong/B (it probably doesn't exist
).

 fontspec info: Could not resolve font STZhongsong/I (it probably doesn't exist
).

 fontspec info: Could not resolve font STZhongsong/BI (it probably doesn't exis
t).

LaTeX Font Info:    Calculating math sizes for size <14.05249> on input line 80
.
LaTeX Font Info:    Font shape `U/fsy/m/n' will be
(Font)              scaled to size 12.64714pt on input line 80.
LaTeX Font Info:    Font shape `U/fsy/m/n' will be
(Font)              scaled to size 8.85295pt on input line 80.
LaTeX Font Info:    Font shape `U/fsy/m/n' will be
(Font)              scaled to size 6.32356pt on input line 80.
 fontspec info: Font STZhongsong does not contain any OpenType `Script' informa
tion.


(f:/texlive/2011/texmf-dist/tex/generic/oberdiek/se-ascii-print.def
File: se-ascii-print.def 2010/03/01 v1.8 stringenc: Printable ASCII characters
) [1

]
LaTeX Font Info:    Calculating math sizes for size <16.06> on input line 80.
LaTeX Font Info:    Font shape `U/fsy/m/n' will be
(Font)              scaled to size 14.45389pt on input line 80.
LaTeX Font Info:    Font shape `U/fsy/m/n' will be
(Font)              scaled to size 10.11768pt on input line 80.
LaTeX Font Info:    Font shape `U/fsy/m/n' will be
(Font)              scaled to size 7.22694pt on input line 80.

[2

] [3

] (./thesis.toc
 fontspec info: Defining font family 'AdobeSongStd(1)' for font 'Adobe Song Std
' with options [Mapping=tex-text,].

\g_fontspec_AdobeSongStd(1)_prop=\toks73
 fontspec info: Defining shape 'normal' with NFSS spec.:
(fontspec)  <->"Adobe Song Std/ICU:script=latn;language=DFLT;mapping=tex-text;"


 fontspec info: Could not resolve font Adobe Song Std/B (it probably doesn't ex
ist).

 fontspec info: Could not resolve font Adobe Song Std/I (it probably doesn't ex
ist).

 fontspec info: Could not resolve font Adobe Song Std/BI (it probably doesn't e
xist).

 [1



] [2])
\tf@toc=\write5
\openout5 = `thesis.toc'.

 [3] (./thesis.lot)
\tf@lot=\write6
\openout6 = `thesis.lot'.

 [4

] (./thesis.lof
LaTeX Font Info:    Calculating math sizes for size <12.045> on input line 23.
LaTeX Font Info:    Font shape `U/fsy/m/n' will be
(Font)              scaled to size 10.84042pt on input line 23.
LaTeX Font Info:    Font shape `U/fsy/m/n' will be
(Font)              scaled to size 7.58826pt on input line 23.
LaTeX Font Info:    Font shape `U/fsy/m/n' will be
(Font)              scaled to size 5.4202pt on input line 23.
)
\tf@lof=\write7
\openout7 = `thesis.lof'.

 [5

]
(./data/abstract.tex [1



] [2] [3


] [4]) [5] (./data/chap01.tex
 fontspec info: Font STZhongsong does not contain any OpenType `Script' informa
tion.

LaTeX Font Info:    Font shape `U/fsy/m/n' will be
(Font)              scaled to size 8.99994pt on input line 8.
LaTeX Font Info:    Font shape `U/fsy/m/n' will be
(Font)              scaled to size 6.29996pt on input line 8.
LaTeX Font Info:    Font shape `U/fsy/m/n' will be
(Font)              scaled to size 4.49997pt on input line 8.

Underfull \hbox (badness 10000) in paragraph at lines 8--8
[][][]$[][][][] [] [] [] [][][] [] [][][][][] [] [][][] [] [][] [] [][][][][][]
[] [] [][][][][][][] [] [][][][][][][] [] [][][][][][] []
 []

Package hyperref Info: bookmark level for unknown definition defaults to 0 on i
nput line 51.
[1



] [2]
Underfull \hbox (badness 10000) in paragraph at lines 98--98
[][][]$[][][][] [] [] [] [][][] [] [][][][][][][][][][] [] [][][] [] [][][][][]
 [] [][][][][][][] [] [][][][][] [] [][][][] [] [][][] [] [][][][] [] [][][][][
][][] []
 []

[3]
Underfull \vbox (badness 10000) has occurred while \output is active []

 [4]
[5]
Overfull \hbox (3.68575pt too wide) in paragraph at lines 136--137
[]\song/m/n/12.045                
   |\EU1/TimesNewRoman(0)/m/n/12.045 Attitude\song/m/n/12.045 |
|
 []

[6] [7] [8]
 fontspec info: Font STZhongsong does not contain any OpenType `Script' informa
tion.

 [9]
Missing character: There is no  in font txr!
Missing character: There is no  in font txr!
 [10]
File: figures/1-2.jpg Graphic file (type QTm)
 <use  "figures/1-2.jpg" > [11] [12]
Underfull \vbox (badness 10000) has occurred while \output is active []

 [13]
File: figures/1-3.eps Graphic file (type eps)

<figures/1-3.eps> [14] [15] [16] [17]
File: figures/1-4.eps Graphic file (type eps)
 <figures/1-4.eps> [18] [19] [20])
(./data/chap02.tex
File: figures/2-1-1.eps Graphic file (type eps)
 <figures/2-1-1.eps>
Overfull \hbox (64.03568pt too wide) in paragraph at lines 21--22
 [][] 
 []

[21


] [22]
Overfull \hbox (20.5813pt too wide) in paragraph at lines 33--34
\EU1/TimesNewRoman(0)/m/n/12.045 Words)upciteBradley1999\song/m/n/12.045 | \
EU1/TimesNewRoman(0)/m/n/12.045 WordNet-Affect[]upciteValitutti2004,Valitutti20
04a\song/m/n/12.045 | \EU1/TimesNewRoman(0)/m/n/12.045 DAL (Dic-
 []

[23]
Overfull \hbox (15.2878pt too wide) in paragraph at lines 50--51
[]\rm/bx/n/12.045      \song/m/n/12.045 |     
      |\EU1/TimesNewRoman(0)/m/n/12.045 foreground\song/m/
n/12.045 |      |\EU1/TimesNewRoman(0)/m/n/12.045 backgrou
nd\song/m/n/12.045 |
 []

[24] [25] [26]
File: figures/2-1-0.eps Graphic file (type eps)
 <figures/2-1-0.eps>
File: figures/2-1-2.eps Graphic file (type eps)
 <figures/2-1-2.eps>
Overfull \hbox (12.68811pt too wide) in paragraph at lines 127--128
 [][] 
 []

[27]
File: figures/2-1-3.eps Graphic file (type eps)
 <figures/2-1-3.eps>
File: figures/2-1-4.eps Graphic file (type eps)
 <figures/2-1-4.eps>
Overfull \hbox (27.32698pt too wide) in paragraph at lines 159--160
 [][] 
 []

[28] [29] [30]
File: figures/2-2.png Graphic file (type QTm)
 <use  "figures/2-2.png" >
Underfull \vbox (badness 10000) has occurred while \output is active []

 [31]
File: figures/2-3.png Graphic file (type QTm)

<use  "figures/2-3.png" >
File: figures/2-2-1.png Graphic file (type QTm)
 <use  "figures/2-2-1.png" > [32


]
File: figures/2-2-2.png Graphic file (type QTm)

<use  "figures/2-2-2.png" >
File: figures/2-4.png Graphic file (type QTm)
 <use  "figures/2-4.png" > [33] [34] [35] [36]
File: figures/2-5.png Graphic file (type QTm)

<use  "figures/2-5.png" > [37]
Overfull \hbox (13.49115pt too wide) in paragraph at lines 354--362
 [][] 
 []


Underfull \vbox (badness 10000) has occurred while \output is active []

 [38]
[39] [40]) (./data/chap03.tex [41


] [42]
File: figures/3-1.png Graphic file (type QTm)
 <use  "figures/3-1.png" > [43]
Overfull \hbox (8.81946pt too wide) detected at line 74
[]
 []

Package hyperref Info: bookmark level for unknown algorithm defaults to 0 on in
put line 88.
[44] [45]
Overfull \hbox (1.78374pt too wide) in paragraph at lines 155--163
 [][] 
 []

[46]
Underfull \vbox (badness 4899) has occurred while \output is active []

 [47]
[48]
File: figures/3-2.png Graphic file (type QTm)
 <use  "figures/3-2.png" >
File: figures/3-3.png Graphic file (type QTm)
 <use  "figures/3-3.png" >
File: figures/3-4.png Graphic file (type QTm)

<use  "figures/3-4.png" >
Underfull \vbox (badness 10000) has occurred while \output is active []

 [49]
[50]
Overfull \hbox (1.78374pt too wide) in paragraph at lines 354--362
 [][] 
 []

[51]
File: figures/3-5.png Graphic file (type QTm)
 <use  "figures/3-5.png" >
Underfull \vbox (badness 1242) has occurred while \output is active []

 [52]
File: figures/3-6.png Graphic file (type QTm)

<use  "figures/3-6.png" >
File: figures/3-7.png Graphic file (type QTm)
 <use  "figures/3-7.png" > [53]) (./data/chap04.tex
[54] [55


] [56] [57]
Package hyperref Info: bookmark level for unknown assumption defaults to 0 on i
nput line 42.

Overfull \hbox (12.31339pt too wide) in paragraph at lines 62--64
[]\song/m/n/12.045              $\OT1/tx
r/m/n/12.045 (\OML/txmi/m/it/12.045 X[]; X[]; Y\OT1/txr/m/n/12.045 )$\song/m/n/
12.045 |
 []

[58] [59] [60] [61] [62]
File: figures/4-1.png Graphic file (type QTm)
 <use  "figures/4-1.png" > [63

]
Underfull \vbox (badness 1189) has occurred while \output is active []

 [64

]
Underfull \hbox (badness 4378) in paragraph at lines 189--189
[][]\rm/m/n/10         | []$[][][][] [] [] [] [][
][][] [] [][][] [] [][][] [] [][] [] [][][][][][][][][][] [] [][][][] [] [][][]
[][] []
 []

[65]
File: figures/4-2.png Graphic file (type QTm)
 <use  "figures/4-2.png" > [66] [67]) (./data/chap05.tex [68] [69


] [70]
File: figures/5-1.png Graphic file (type QTm)

<use  "figures/5-1.png" > [71

]
File: figures/5-2.png Graphic file (type QTm)
 <use  "figures/5-2.png" > [72

] [73] [74]
File: figures/5-0.eps Graphic file (type eps)

<figures/5-0.eps> [75]
Underfull \vbox (badness 10000) has occurred while \output is active []

 [76]
[77] [78] [79] [80]
File: figures/5-4.png Graphic file (type QTm)
 <use  "figures/5-4.png" >
File: figures/5-3.png Graphic file (type QTm)
 <use  "figures/5-3.png" >
Underfull \vbox (badness 2012) has occurred while \output is active []

 [81]
[82] [83]) (./data/chap06.tex [84]
File: figures/6-0.pdf Graphic file (type QTm)
 <use  "figures/6-0.pdf" > [85


]
Underfull \vbox (badness 10000) has occurred while \output is active []

 [86]
[87]
Underfull \vbox (badness 3884) has occurred while \output is active []

 [88]
[89] [90] [91]
Overfull \hbox (11.1248pt too wide) in paragraph at lines 169--171
[] []\rm/bx/n/12.045     |\EU1/TimesNewRoman(0)/bx/n/12.045 Inte
raction Factor\rm/bx/n/12.045 | $\OML/txmi/m/it/12.045 w[]\OT1/txr/m/n/12.04
5 (\OML/txmi/m/it/12.045 u[]; f\OT1/txr/m/n/12.045 )$[] \EU1/TimesNewRoman(0)/m
/n/12.045 : \song/m/n/12.045   $\OML/txmi/m/it/12.045 u[]$ \song/m/n/12.0
45  $\OML/txmi/m/it/12.045 f$ \song/m/n/12.045        $
\OML/txmi/m/it/12.045 Interation[]$
 []

[92]
Underfull \hbox (badness 10000) in paragraph at lines 255--256

 []

[93]
File: figures/6-2.pdf Graphic file (type QTm)
 <use  "figures/6-2.pdf" >
Overfull \hbox (34.57765pt too wide) in paragraph at lines 273--274
 [][] 
 []

File: figures/6-3.pdf Graphic file (type QTm)
<use  "figures/6-3.pdf" > [94] [95] [96]
Underfull \hbox (badness 1515) in paragraph at lines 349--350
[]|\EU1/TimesNewRoman(0)/m/n/10.53937 tweet \rm/m/n/10.53937     
  
 []


Underfull \vbox (badness 5274) has occurred while \output is active []

 [97]
[98] [99] [100]) (./data/chap07.tex [101


] [102] [103] [104]) (./data/ack.tex
[105

] [106]) (./thesis.bbl [107


]
Underfull \hbox (badness 10000) in paragraph at lines 95--99
[]\EU1/TimesNewRoman(0)/m/n/12.045 Hoffman T. Online reputation management is h
ot 
 []


Underfull \hbox (badness 10000) in paragraph at lines 95--99
\EU1/TimesNewRoman(0)/m/n/12.045 but is it ethical? [EB/OL]. 2008. []$[][][][] 
[] [] [] [][][] []
 []


Underfull \hbox (badness 10000) in paragraph at lines 95--99
[][][][][][][][][][][][][] [] [][][] [] [][][][][][][] [] [][][][][][][] [] [][
][][][][][][][][] []
 []


Overfull \hbox (33.03238pt too wide) in paragraph at lines 95--99
[][][][][][][][][][][][][][][][][][][][][][][][][][][][][][][][][][][][][][][][
][][][][][][][][][][][][][][][][][][][][][][][][][][][][][] []
 []


Underfull \hbox (badness 10000) in paragraph at lines 101--105
[]\EU1/TimesNewRoman(0)/m/n/12.045 HORRIGAN J. Online Shopping [EB/OL]. 2008. [
]$[][][][] [] [] [] [][][] []
 []


Underfull \hbox (badness 3158) in paragraph at lines 107--114
[]\EU1/TimesNewRoman(0)/m/n/12.045 Mullen T, Malouf R. A preliminary investigat
ion into sentiment analysis
 []


Underfull \hbox (badness 2020) in paragraph at lines 107--114
\EU1/TimesNewRoman(0)/m/n/12.045 of informal political discourse [C/OL]. In AAA
I symposium on computa-
 []


Underfull \hbox (badness 5548) in paragraph at lines 107--114
\EU1/TimesNewRoman(0)/m/n/12.045 tional approaches to analysing weblogs (AAAI-C
AAW). 2006: 159162.
 []


Underfull \hbox (badness 10000) in paragraph at lines 107--114
[]$[][][][] [] [] [] [][][] [] [][][][] [] [][][] [] [][][][][][] [] [][][][][]
[][][] [] [][][][][][] [] [][][][] []
 []

[108] [109] [110]
Underfull \hbox (badness 6348) in paragraph at lines 374--381
[]\EU1/TimesNewRoman(0)/m/n/12.045 Wiebe J, Riloff E. Creating Subjective and O
bjective Sentence Classi-
 []


Underfull \hbox (badness 2521) in paragraph at lines 374--381
\EU1/TimesNewRoman(0)/m/n/12.045 fiers from Unannotated Texts [C/OL]. In Procee
dings of the 6th Interna-
 []

[111]
Underfull \hbox (badness 3302) in paragraph at lines 418--421
[]\EU1/TimesNewRoman(0)/m/n/12.045 Angela. Old Wine or Warm Beer: Target-Specif
ic Sentiment Analysis of
 []

[112] [113]
Underfull \hbox (badness 4132) in paragraph at lines 553--560
\EU1/TimesNewRoman(0)/m/n/12.045 2011: 368374. []$[][][][] [] [] [] [][] [] 
[][][] [] [][][] [] [][][][][][][][] [] [][][] [] [][] [] [][][][][][][] []
 []

[114] [115] [116] [117]
Underfull \hbox (badness 3568) in paragraph at lines 869--874
\EU1/TimesNewRoman(0)/m/n/12.045 York, NY, USA, 2008: 15561560. []$[][][][] 
[] [] [] [][][] [] [][][] [] [][][] [] [][] [] [][][][] []
 []


Underfull \hbox (badness 2103) in paragraph at lines 887--892
[]\EU1/TimesNewRoman(0)/m/n/12.045 Miller G A. WordNet: A Lexical Database for 
English [J/OL]. Commun.
 []


Underfull \hbox (badness 1009) in paragraph at lines 909--914
[]\EU1/TimesNewRoman(0)/m/n/12.045 Ide N\song/m/n/12.045 | \EU1/TimesNewRoma
n(0)/m/n/12.045 Making Senses: Bootstrapping Sense-Tagged Lists of Semantically
-
 []

[118]
Underfull \hbox (badness 2818) in paragraph at lines 916--922
[]\EU1/TimesNewRoman(0)/m/n/12.045 Budanitsky A, Hirst G. Semantic distance in 
WordNet: An experimental,
 []


Underfull \hbox (badness 1178) in paragraph at lines 984--989
[]\EU1/TimesNewRoman(0)/m/n/12.045 Kanayama H, Nasukawa T. Fully automatic lexi
con expansion for domain-
 []

[119]
Underfull \hbox (badness 10000) in paragraph at lines 1012--1014
[]\EU1/TimesNewRoman(0)/m/n/12.045 Learning Multilingual Subjective Language vi
a Cross-Lingual Projec-
 []

[120] [121] [122] [123]
Underfull \hbox (badness 4048) in paragraph at lines 1342--1346
[]\EU1/TimesNewRoman(0)/m/n/12.045 Stein D, Wright S. Subjectivity and Subjecti
visation: Linguistic Perspec-
 []

[124] [125] [126] [127]) (./data/resume.tex [128]) [129

]
\tf@thm=\write8
\openout8 = `thesis.thm'.

Package atveryend Info: Empty hook `BeforeClearDocument' on input line 113.
Package atveryend Info: Empty hook `AfterLastShipout' on input line 113.
 (./thesis.aux)
Package atveryend Info: Empty hook `AtVeryEndDocument' on input line 113.
Package atveryend Info: Empty hook `AtEndAfterFileList' on input line 113.
Package atveryend Info: Empty hook `AtVeryVeryEnd' on input line 113.
 ) 
Here is how much of TeX's memory you used:
 24934 strings out of 495667
 399292 string characters out of 3187347
 534167 words of memory out of 3000000
 27549 multiletter control sequences out of 15000+200000
 84026 words of font info for 324 fonts, out of 3000000 for 9000
 36 hyphenation exceptions out of 8191
 52i,20n,73p,1519b,1454s stack positions out of 5000i,500n,10000p,200000b,50000s

Output written on thesis.pdf (142 pages).
